#
# There is insufficient memory for the Java Runtime Environment to continue.
# Native memory allocation (mmap) failed to map 805306368 bytes for G1 virtual space
# Possible reasons:
#   The system is out of physical RAM or swap space
#   The process is running with CompressedOops enabled, and the Java Heap may be blocking the growth of the native heap
# Possible solutions:
#   Reduce memory load on the system
#   Increase physical memory or swap space
#   Check if swap backing store is full
#   Decrease Java heap size (-Xmx/-Xms)
#   Decrease number of Java threads
#   Decrease Java thread stack sizes (-Xss)
#   Set larger code cache with -XX:ReservedCodeCacheSize=
#   JVM is running with Zero Based Compressed Oops mode in which the Java heap is
#     placed in the first 32GB address space. The Java Heap base address is the
#     maximum limit for the native heap growth. Please use -XX:HeapBaseMinAddress
#     to set the Java Heap base and to place the Java Heap above 32GB virtual address.
# This output file may be truncated or incomplete.
#
#  Out of Memory Error (os_windows.cpp:3603), pid=37796, tid=37808
#
# JRE version:  (21.0.6+8) (build )
# Java VM: Java HotSpot(TM) 64-Bit Server VM (21.0.6+8-LTS-188, mixed mode, sharing, tiered, compressed oops, compressed class ptrs, g1 gc, windows-amd64)
# No core dump will be written. Minidumps are not enabled by default on client versions of Windows
#

---------------  S U M M A R Y ------------

Command Line: -javaagent:S:\Software\IntelliJ-IDEA-2025.1.1.1-portable\app\lib\idea_rt.jar=55694 -Dfile.encoding=UTF-8 -Dsun.stdout.encoding=UTF-8 -Dsun.stderr.encoding=UTF-8 edu.khityaev.main.Start6_2

Host: AMD Ryzen 7 5700X 8-Core Processor             , 16 cores, 47G,  Windows 10 , 64 bit Build 19041 (10.0.19041.5915)
Time: Sun Nov 30 20:52:54 2025  Windows 10 , 64 bit Build 19041 (10.0.19041.5915) elapsed time: 0.011485 seconds (0d 0h 0m 0s)

---------------  T H R E A D  ---------------

Current thread (0x0000023fb49c6470):  JavaThread "Unknown thread" [_thread_in_vm, id=37808, stack(0x00000076f2f00000,0x00000076f3000000) (1024K)]

Stack: [0x00000076f2f00000,0x00000076f3000000]
Native frames: (J=compiled Java code, j=interpreted, Vv=VM code, C=native code)
V  [jvm.dll+0x6ca6d9]
V  [jvm.dll+0x854f51]
V  [jvm.dll+0x85747e]
V  [jvm.dll+0x857b53]
V  [jvm.dll+0x27dcc6]
V  [jvm.dll+0x6c6e55]
V  [jvm.dll+0x6bb9da]
V  [jvm.dll+0x35393a]
V  [jvm.dll+0x35b596]
V  [jvm.dll+0x3adefe]
V  [jvm.dll+0x3ae1a8]
V  [jvm.dll+0x327cbc]
V  [jvm.dll+0x32881b]
V  [jvm.dll+0x81e309]
V  [jvm.dll+0x3babe1]
V  [jvm.dll+0x807658]
V  [jvm.dll+0x44fdae]
V  [jvm.dll+0x4519a1]
C  [jli.dll+0x52a3]
C  [ucrtbase.dll+0x21bb2]
C  [KERNEL32.DLL+0x17374]
C  [ntdll.dll+0x4cc91]


---------------  P R O C E S S  ---------------

Threads class SMR info:
_java_thread_list=0x00007ffceb5ccc08, length=0, elements={
}

Java Threads: ( => current thread )
Total: 0

Other Threads:
  0x0000023fdd6d0c20 WorkerThread "GC Thread#0"                     [id=29496, stack(0x00000076f3000000,0x00000076f3100000) (1024K)]
  0x0000023fb4a5b5f0 ConcurrentGCThread "G1 Main Marker"            [id=38788, stack(0x00000076f3100000,0x00000076f3200000) (1024K)]
  0x0000023fb4a5c890 WorkerThread "G1 Conc#0"                       [id=29424, stack(0x00000076f3200000,0x00000076f3300000) (1024K)]

[error occurred during error reporting (printing all threads), id 0xc0000005, EXCEPTION_ACCESS_VIOLATION (0xc0000005) at pc=0x00007ffcead3a427]
VM state: not at safepoint (not fully initialized)

VM Mutex/Monitor currently owned by a thread:  ([mutex/lock_event])
[0x00007ffceb63df98] Heap_lock - owner thread: 0x0000023fb49c6470

Heap address: 0x0000000501000000, size: 12272 MB, Compressed Oops mode: Zero based, Oop shift amount: 3

CDS archive(s) mapped at: [0x0000000000000000-0x0000000000000000-0x0000000000000000), size 0, SharedBaseAddress: 0x0000000800000000, ArchiveRelocationMode: 1.
Narrow klass base: 0x0000000000000000, Narrow klass shift: 0, Narrow klass range: 0x0

GC Precious Log:
 CardTable entry size: 512
 Card Set container configuration: InlinePtr #cards 4 size 8 Array Of Cards #cards 64 size 144 Howl #buckets 8 coarsen threshold 14745 Howl Bitmap #cards 2048 size 272 coarsen threshold 1843 Card regions per heap region 1 cards per card region 16384

Heap:
 garbage-first heap   total 0K, used 0K [0x0000000501000000, 0x0000000800000000)
  region size 8192K, 0 young (0K), 0 survivors (0K)

[error occurred during error reporting (printing heap information), id 0xc0000005, EXCEPTION_ACCESS_VIOLATION (0xc0000005) at pc=0x00007ffceb1236a9]
GC Heap History (0 events):
No events

Dll operation events (1 events):
Event: 0.008 Loaded shared library C:\Program Files\Java\jdk-21\bin\java.dll

Deoptimization events (0 events):
No events

Classes loaded (0 events):
No events

Classes unloaded (0 events):
No events

Classes redefined (0 events):
No events

Internal exceptions (0 events):
No events

ZGC Phase Switch (0 events):
No events

VM Operations (0 events):
No events

Events (0 events):
No events


Dynamic libraries:
0x00007ff725bc0000 - 0x00007ff725bd0000 	C:\Program Files\Java\jdk-21\bin\java.exe
0x00007ffdd5d30000 - 0x00007ffdd5f28000 	C:\WINDOWS\SYSTEM32\ntdll.dll
0x00007ffdd5230000 - 0x00007ffdd52f2000 	C:\WINDOWS\System32\KERNEL32.DLL
0x00007ffdd3a00000 - 0x00007ffdd3cf6000 	C:\WINDOWS\System32\KERNELBASE.dll
0x00007ffdd35e0000 - 0x00007ffdd36e0000 	C:\WINDOWS\System32\ucrtbase.dll
0x00007ffda7410000 - 0x00007ffda742b000 	C:\Program Files\Java\jdk-21\bin\VCRUNTIME140.dll
0x00007ffda73f0000 - 0x00007ffda7409000 	C:\Program Files\Java\jdk-21\bin\jli.dll
0x00007ffdd4300000 - 0x00007ffdd43b1000 	C:\WINDOWS\System32\ADVAPI32.dll
0x00007ffdd4260000 - 0x00007ffdd42fe000 	C:\WINDOWS\System32\msvcrt.dll
0x00007ffdd5b80000 - 0x00007ffdd5c1f000 	C:\WINDOWS\System32\sechost.dll
0x00007ffdd4560000 - 0x00007ffdd4680000 	C:\WINDOWS\System32\RPCRT4.dll
0x00007ffdd38b0000 - 0x00007ffdd38d7000 	C:\WINDOWS\System32\bcrypt.dll
0x00007ffdd4f30000 - 0x00007ffdd50d1000 	C:\WINDOWS\System32\USER32.dll
0x00007ffdd3450000 - 0x00007ffdd3472000 	C:\WINDOWS\System32\win32u.dll
0x00007ffdd3d70000 - 0x00007ffdd3d9b000 	C:\WINDOWS\System32\GDI32.dll
0x00007ffdd38e0000 - 0x00007ffdd39f9000 	C:\WINDOWS\System32\gdi32full.dll
0x00007ffdd36e0000 - 0x00007ffdd377d000 	C:\WINDOWS\System32\msvcp_win.dll
0x00007ffdbae80000 - 0x00007ffdbb11b000 	C:\WINDOWS\WinSxS\amd64_microsoft.windows.common-controls_6595b64144ccf1df_6.0.19041.6456_none_60b8a6cb71f64256\COMCTL32.dll
0x00007ffdcd090000 - 0x00007ffdcd09a000 	C:\WINDOWS\SYSTEM32\VERSION.dll
0x00007ffdd50e0000 - 0x00007ffdd510f000 	C:\WINDOWS\System32\IMM32.DLL
0x00007ffdc5ca0000 - 0x00007ffdc5cac000 	C:\Program Files\Java\jdk-21\bin\vcruntime140_1.dll
0x00007ffd980c0000 - 0x00007ffd9814e000 	C:\Program Files\Java\jdk-21\bin\msvcp140.dll
0x00007ffceaa00000 - 0x00007ffceb71a000 	C:\Program Files\Java\jdk-21\bin\server\jvm.dll
0x00007ffdd44e0000 - 0x00007ffdd454b000 	C:\WINDOWS\System32\WS2_32.dll
0x00007ffdd3220000 - 0x00007ffdd326b000 	C:\WINDOWS\SYSTEM32\POWRPROF.dll
0x00007ffdcbed0000 - 0x00007ffdcbef7000 	C:\WINDOWS\SYSTEM32\WINMM.dll
0x00007ffdd3200000 - 0x00007ffdd3212000 	C:\WINDOWS\SYSTEM32\UMPDC.dll
0x00007ffdd1ed0000 - 0x00007ffdd1ee2000 	C:\WINDOWS\SYSTEM32\kernel.appcore.dll
0x00007ffdbb570000 - 0x00007ffdbb57a000 	C:\Program Files\Java\jdk-21\bin\jimage.dll
0x00007ffdd0dc0000 - 0x00007ffdd0fc1000 	C:\WINDOWS\SYSTEM32\DBGHELP.DLL
0x00007ffdcbe60000 - 0x00007ffdcbe94000 	C:\WINDOWS\SYSTEM32\dbgcore.DLL
0x00007ffdd33c0000 - 0x00007ffdd3442000 	C:\WINDOWS\System32\bcryptPrimitives.dll
0x00007ffdb9030000 - 0x00007ffdb903f000 	C:\Program Files\Java\jdk-21\bin\instrument.dll
0x00007ffda5890000 - 0x00007ffda58af000 	C:\Program Files\Java\jdk-21\bin\java.dll

dbghelp: loaded successfully - version: 4.0.5 - missing functions: none
symbol engine: initialized successfully - sym options: 0x614 - pdb path: .;C:\Program Files\Java\jdk-21\bin;C:\WINDOWS\SYSTEM32;C:\WINDOWS\WinSxS\amd64_microsoft.windows.common-controls_6595b64144ccf1df_6.0.19041.6456_none_60b8a6cb71f64256;C:\Program Files\Java\jdk-21\bin\server

VM Arguments:
jvm_args: -javaagent:S:\Software\IntelliJ-IDEA-2025.1.1.1-portable\app\lib\idea_rt.jar=55694 -Dfile.encoding=UTF-8 -Dsun.stdout.encoding=UTF-8 -Dsun.stderr.encoding=UTF-8 
java_command: edu.khityaev.main.Start6_2
java_class_path (initial): T:\Мои документы T1\SSTU_T\Java\untitled_test_project_1\out\production\untitled_test_1
Launcher Type: SUN_STANDARD

[Global flags]
     intx CICompilerCount                          = 12                                        {product} {ergonomic}
     uint ConcGCThreads                            = 3                                         {product} {ergonomic}
     uint G1ConcRefinementThreads                  = 13                                        {product} {ergonomic}
   size_t G1HeapRegionSize                         = 8388608                                   {product} {ergonomic}
    uintx GCDrainStackTargetSize                   = 64                                        {product} {ergonomic}
   size_t InitialHeapSize                          = 805306368                                 {product} {ergonomic}
   size_t MarkStackSize                            = 4194304                                   {product} {ergonomic}
   size_t MaxHeapSize                              = 12868124672                               {product} {ergonomic}
   size_t MinHeapDeltaBytes                        = 8388608                                   {product} {ergonomic}
   size_t MinHeapSize                              = 8388608                                   {product} {ergonomic}
    uintx NonNMethodCodeHeapSize                   = 7602480                                {pd product} {ergonomic}
    uintx NonProfiledCodeHeapSize                  = 122027880                              {pd product} {ergonomic}
    uintx ProfiledCodeHeapSize                     = 122027880                              {pd product} {ergonomic}
    uintx ReservedCodeCacheSize                    = 251658240                              {pd product} {ergonomic}
     bool SegmentedCodeCache                       = true                                      {product} {ergonomic}
   size_t SoftMaxHeapSize                          = 12868124672                            {manageable} {ergonomic}
     bool UseCompressedOops                        = true                           {product lp64_product} {ergonomic}
     bool UseG1GC                                  = true                                      {product} {ergonomic}
     bool UseLargePagesIndividualAllocation        = false                                  {pd product} {ergonomic}

Logging:
Log output configuration:
 #0: stdout all=warning uptime,level,tags foldmultilines=false
 #1: stderr all=off uptime,level,tags foldmultilines=false

Environment Variables:
PATH=C:\Program Files\Common Files\Oracle\Java\javapath;C:\Program Files (x86)\Common Files\Oracle\Java\javapath;C:\WINDOWS\system32;C:\WINDOWS;C:\WINDOWS\System32\Wbem;C:\WINDOWS\System32\WindowsPowerShell\v1.0\;C:\WINDOWS\System32\OpenSSH\;C:\Program Files\NVIDIA Corporation\NVIDIA NvDLISR;C:\Program Files (x86)\NVIDIA Corporation\PhysX\Common;C:\WINDOWS\system32;C:\WINDOWS;C:\WINDOWS\System32\Wbem;C:\WINDOWS\System32\WindowsPowerShell\v1.0\;C:\WINDOWS\System32\OpenSSH\;C:\Program Files\AmneziaWG\;C:\Program Files\dotnet\;C:\Program Files\Git\cmd;C:\Program Files\Microsoft SQL Server\150\Tools\Binn\;C:\Program Files\Microsoft SQL Server\Client SDK\ODBC\170\Tools\Binn\;C:\Users\komp\AppData\Local\Microsoft\WindowsApps;C:\Users\komp\.dotnet\tools
USERNAME=komp
OS=Windows_NT
PROCESSOR_IDENTIFIER=AMD64 Family 25 Model 33 Stepping 2, AuthenticAMD
TMP=C:\Users\komp\AppData\Local\Temp
TEMP=C:\Users\komp\AppData\Local\Temp




Periodic native trim disabled

---------------  S Y S T E M  ---------------

OS:
 Windows 10 , 64 bit Build 19041 (10.0.19041.5915)
OS uptime: 5 days 1:10 hours

CPU: total 16 (initial active 16) (16 cores per cpu, 2 threads per core) family 25 model 33 stepping 2 microcode 0x0, cx8, cmov, fxsr, ht, mmx, 3dnowpref, sse, sse2, sse3, ssse3, sse4a, sse4.1, sse4.2, popcnt, lzcnt, tsc, tscinvbit, avx, avx2, aes, erms, clmul, bmi1, bmi2, adx, sha, fma, vzeroupper, clflush, clflushopt, rdtscp, rdpid, fsrm, f16c, pku, cet_ss
Processor Information for all 16 processors :
  Max Mhz: 3401, Current Mhz: 3401, Mhz Limit: 3401

Memory: 4k page, system-wide physical 49076M (17513M free)
TotalPageFile size 50704M (AvailPageFile size 205M)
current process WorkingSet (physical memory assigned to process): 11M, peak: 11M
current process commit charge ("private bytes"): 70M, peak: 838M

vm_info: Java HotSpot(TM) 64-Bit Server VM (21.0.6+8-LTS-188) for windows-amd64 JRE (21.0.6+8-LTS-188), built on 2024-12-03T10:50:54Z by "mach5one" with MS VC++ 17.6 (VS2022)

END.
